2022-05-25 13:48:47.635  INFO 12848 --- [main] c.e.Ejercicio10.Ejercicio10Application   : Starting Ejercicio10Application using Java 17.0.3 on L2205003 with PID 12848 (C:\Users\alejandro.ojeda\IdeaProjects\Ejercicio10\target\classes started by alejandro.ojeda in C:\Users\alejandro.ojeda\IdeaProjects\Ejercicio10)
2022-05-25 13:48:47.639  INFO 12848 --- [main] c.e.Ejercicio10.Ejercicio10Application   : No active profile set, falling back to 1 default profile: "default"
2022-05-25 13:48:49.108  INFO 12848 --- [main] o.s.b.w.embedded.tomcat.TomcatWebServer  : Tomcat initialized with port(s): 8080 (http)
2022-05-25 13:48:49.118  INFO 12848 --- [main] o.apache.catalina.core.StandardService   : Starting service [Tomcat]
2022-05-25 13:48:49.119  INFO 12848 --- [main] org.apache.catalina.core.StandardEngine  : Starting Servlet engine: [Apache Tomcat/9.0.63]
2022-05-25 13:48:49.251  INFO 12848 --- [main] o.a.c.c.C.[Tomcat].[localhost].[/]       : Initializing Spring embedded WebApplicationContext
2022-05-25 13:48:49.252  INFO 12848 --- [main] w.s.c.ServletWebServerApplicationContext : Root WebApplicationContext: initialization completed in 1542 ms
2022-05-25 13:48:49.802  INFO 12848 --- [main] o.s.b.w.embedded.tomcat.TomcatWebServer  : Tomcat started on port(s): 8080 (http) with context path ''
2022-05-25 13:48:49.815  INFO 12848 --- [main] c.e.Ejercicio10.Ejercicio10Application   : Started Ejercicio10Application in 2.686 seconds (JVM running for 3.105)
2022-05-25 14:08:01.120  INFO 13380 --- [main] c.e.Ejercicio10.Ejercicio10Application   : Starting Ejercicio10Application using Java 17.0.3 on L2205003 with PID 13380 (C:\Users\alejandro.ojeda\IdeaProjects\Ejercicio10\target\classes started by alejandro.ojeda in C:\Users\alejandro.ojeda\IdeaProjects\Ejercicio10)
2022-05-25 14:08:01.122  INFO 13380 --- [main] c.e.Ejercicio10.Ejercicio10Application   : No active profile set, falling back to 1 default profile: "default"
2022-05-25 14:08:02.533  INFO 13380 --- [main] o.s.b.w.embedded.tomcat.TomcatWebServer  : Tomcat initialized with port(s): 8080 (http)
2022-05-25 14:08:02.546  INFO 13380 --- [main] o.apache.catalina.core.StandardService   : Starting service [Tomcat]
2022-05-25 14:08:02.546  INFO 13380 --- [main] org.apache.catalina.core.StandardEngine  : Starting Servlet engine: [Apache Tomcat/9.0.63]
2022-05-25 14:08:02.647  INFO 13380 --- [main] o.a.c.c.C.[Tomcat].[localhost].[/]       : Initializing Spring embedded WebApplicationContext
2022-05-25 14:08:02.647  INFO 13380 --- [main] w.s.c.ServletWebServerApplicationContext : Root WebApplicationContext: initialization completed in 1451 ms
2022-05-25 14:08:03.202  INFO 13380 --- [main] o.s.b.w.embedded.tomcat.TomcatWebServer  : Tomcat started on port(s): 8080 (http) with context path ''
2022-05-25 14:08:03.202  INFO 13380 --- [main] c.e.Ejercicio10.Ejercicio10Application   : Started Ejercicio10Application in 2.618 seconds (JVM running for 3.088)
2022-05-25 14:08:23.446  INFO 9744 --- [main] c.e.Ejercicio10.Ejercicio10Application   : Starting Ejercicio10Application using Java 17.0.3 on L2205003 with PID 9744 (C:\Users\alejandro.ojeda\IdeaProjects\Ejercicio10\target\classes started by alejandro.ojeda in C:\Users\alejandro.ojeda\IdeaProjects\Ejercicio10)
2022-05-25 14:08:23.446  INFO 9744 --- [main] c.e.Ejercicio10.Ejercicio10Application   : No active profile set, falling back to 1 default profile: "default"
2022-05-25 14:08:25.519  INFO 9744 --- [main] c.e.Ejercicio10.Ejercicio10Application   : Started Ejercicio10Application in 2.562 seconds (JVM running for 2.999)
